<?xml version="1.0" encoding="UTF-8"?>
<testng-results skipped="0" failed="0" ignored="0" total="2" passed="2">
  <reporter-output>
  </reporter-output>
  <suite name="Suite" duration-ms="1233" started-at="2022-09-20T10:44:07 IST" finished-at="2022-09-20T10:44:09 IST">
    <groups>
    </groups>
    <test name="Login Test" duration-ms="1233" started-at="2022-09-20T10:44:07 IST" finished-at="2022-09-20T10:44:09 IST">
      <class name="utilidex.testcases.LoginPageTest">
        <test-method status="PASS" signature="setUp()[pri:0, instance:utilidex.testcases.LoginPageTest@fe18270]" name="setUp" is-config="true" duration-ms="55412" started-at="2022-09-20T10:43:12 IST" finished-at="2022-09-20T10:44:07 IST">
          <reporter-output>
          </reporter-output>
        </test-method> <!-- setUp -->
        <test-method status="PASS" signature="loginFunctionality()[pri:0, instance:utilidex.testcases.LoginPageTest@fe18270]" name="loginFunctionality" duration-ms="982" started-at="2022-09-20T10:44:08 IST" finished-at="2022-09-20T10:44:09 IST">
          <reporter-output>
          </reporter-output>
        </test-method> <!-- loginFunctionality -->
        <test-method status="PASS" signature="loginPageElementVerification()[pri:0, instance:utilidex.testcases.LoginPageTest@fe18270]" name="loginPageElementVerification" duration-ms="88" started-at="2022-09-20T10:44:09 IST" finished-at="2022-09-20T10:44:09 IST">
          <reporter-output>
          </reporter-output>
        </test-method> <!-- loginPageElementVerification -->
      </class> <!-- utilidex.testcases.LoginPageTest -->
    </test> <!-- Login Test -->
  </suite> <!-- Suite -->
</testng-results>
